<?xml version="1.0" encoding="UTF-8"?>
<!-- Generated by org.testng.reporters.JUnitReportReporter -->
<testsuite hostname="LAPTOP-5K9H8Q3R" failures="0" tests="1" name="com.restApi.app.DataproviderTest" time="6.286" errors="0" timestamp="2020-10-25T12:46:03 IST" skipped="0">
  <testcase classname="com.restApi.app.DataproviderTest" name="executionTest" time="6.286"/>
  <system-out/>
</testsuite> <!-- com.restApi.app.DataproviderTest -->
