<?xml version="1.0" encoding="UTF-8"?>
<!-- Generated by org.testng.reporters.JUnitReportReporter -->
<testsuite hostname="LAPTOP-5K9H8Q3R" failures="0" tests="1" name="com.restApi.app.ParameterRest" time="5.150" errors="0" timestamp="2020-09-27T22:26:03 IST" skipped="0">
  <testcase classname="com.restApi.app.ParameterRest" name="executionTest" time="5.150"/>
  <system-out/>
</testsuite> <!-- com.restApi.app.ParameterRest -->
